生成启动时间为 2016/7/13 星期三 15:23:46。
     1>项目“F:\user\Documents\GitHub\OJ_task\Game\GameProgram1\GameProgram\GameProgram.vcxproj”在节点 2 上(Build 个目标)。
     1>ClCompile:
         C:\Program Files (x86)\Microsoft Visual Studio 14.0\VC\bin\CL.exe /c /ZI /nologo /W3 /WX- /Od /Oy- /D WIN32 /D _DEBUG /D _CONSOLE /D _UNICODE /D UNICODE /Gm /EHsc /RTC1 /MDd /GS /fp:precise /Zc:wchar_t /Zc:forScope /Zc:inline /Fo"Debug\\" /Fd"Debug\vc140.pdb" /Gd /TP /analyze- /errorReport:prompt Controller.cpp Image.cpp main.cpp
         main.cpp
     1>f:\user\documents\github\oj_task\game\gameprogram1\gameprogram\image.h(32): error C2086: “CvPoint MY_Obj::_pos”: 重定义
         f:\user\documents\github\oj_task\game\gameprogram1\gameprogram\image.h(30): note: 参见“MY_Obj::_pos”的声明
         Image.cpp
     1>f:\user\documents\github\oj_task\game\gameprogram1\gameprogram\image.h(32): error C2086: “CvPoint MY_Obj::_pos”: 重定义
         f:\user\documents\github\oj_task\game\gameprogram1\gameprogram\image.h(30): note: 参见“MY_Obj::_pos”的声明
         Controller.cpp
     1>f:\user\documents\github\oj_task\game\gameprogram1\gameprogram\image.h(32): error C2086: “CvPoint MY_Obj::_pos”: 重定义
         f:\user\documents\github\oj_task\game\gameprogram1\gameprogram\image.h(30): note: 参见“MY_Obj::_pos”的声明
     1>f:\user\documents\github\oj_task\game\gameprogram1\gameprogram\controller.cpp(13): error C3867: “MY_BitMap::GetWidth”: 非标准语法；请使用 "&" 来创建指向成员的指针
     1>f:\user\documents\github\oj_task\game\gameprogram1\gameprogram\controller.cpp(13): error C3867: “MY_BitMap::GetHeight”: 非标准语法；请使用 "&" 来创建指向成员的指针
     1>f:\user\documents\github\oj_task\game\gameprogram1\gameprogram\controller.cpp(14): error C2248: “MY_Obj::_pos”: 无法访问 protected 成员(在“MY_Obj”类中声明)
         f:\user\documents\github\oj_task\game\gameprogram1\gameprogram\image.h(30): note: 参见“MY_Obj::_pos”的声明
         f:\user\documents\github\oj_task\game\gameprogram1\gameprogram\image.h(28): note: 参见“MY_Obj”的声明
         正在生成代码...
     1>已完成生成项目“F:\user\Documents\GitHub\OJ_task\Game\GameProgram1\GameProgram\GameProgram.vcxproj”(Build 个目标)的操作 - 失败。

生成失败。

已用时间 00:00:06.89
